<?xml version="1.0" encoding="UTF-8"?>
<!-- Generated by org.testng.reporters.JUnitReportReporter -->
<testsuite skipped="0" hostname="DESKTOP-IA7RCF1" name="swagLabTestCases.SwagLabTestCase" tests="7" failures="0" timestamp="2023-02-13T13:28:02 IST" time="35.678" errors="0">
  <testcase name="loginTestCase" time="6.239" classname="swagLabTestCases.SwagLabTestCase"/>
  <system-out/>
  <testcase name="sortProductsTestCase" time="3.525" classname="swagLabTestCases.SwagLabTestCase"/>
  <system-out/>
  <testcase name="addToCartTestCase" time="3.916" classname="swagLabTestCases.SwagLabTestCase"/>
  <system-out/>
  <testcase name="clickOnCheckOutBtnTestCase" time="3.660" classname="swagLabTestCases.SwagLabTestCase"/>
  <system-out/>
  <testcase name="enterUserDetailsTestCase" time="7.397" classname="swagLabTestCases.SwagLabTestCase"/>
  <system-out/>
  <testcase name="clickOnFinishBtnTestCase" time="3.590" classname="swagLabTestCases.SwagLabTestCase"/>
  <system-out/>
  <testcase name="backToHomePageAndLogoutTestCase" time="7.351" classname="swagLabTestCases.SwagLabTestCase"/>
  <system-out/>
</testsuite> <!-- swagLabTestCases.SwagLabTestCase -->
