<?xml version="1.0" encoding="UTF-8"?>
<!-- Generated by org.testng.reporters.JUnitReportReporter -->
<testsuite skipped="0" hostname="DESKTOP-IA7RCF1" name="vTigerTestCases.VTigerCompaignTestCases" tests="4" failures="0" timestamp="2023-02-13T14:23:30 IST" time="202.138" errors="0">
  <testcase name="createCompaign" time="39.369" classname="vTigerTestCases.VTigerCompaignTestCases"/>
  <system-out/>
  <testcase name="verifyCreatedCompaign" time="40.447" classname="vTigerTestCases.VTigerCompaignTestCases"/>
  <system-out/>
  <testcase name="deleteCreateLead" time="31.243" classname="vTigerTestCases.VTigerCompaignTestCases"/>
  <system-out/>
  <testcase name="verifyDeletedCompaign" time="91.079" classname="vTigerTestCases.VTigerCompaignTestCases"/>
  <system-out/>
</testsuite> <!-- vTigerTestCases.VTigerCompaignTestCases -->
