<?xml version="1.0" encoding="UTF-8"?>
<!-- Generated by org.testng.reporters.JUnitReportReporter -->
<testsuite skipped="0" hostname="DESKTOP-IA7RCF1" name="headlessBrowserTesting.TestCase" tests="2" failures="0" timestamp="2023-02-10T15:24:45 IST" time="15.058" errors="0">
  <testcase name="testCase1" time="5.166" classname="headlessBrowserTesting.TestCase"/>
  <system-out/>
  <testcase name="testCase2" time="9.892" classname="headlessBrowserTesting.TestCase"/>
  <system-out/>
</testsuite> <!-- headlessBrowserTesting.TestCase -->
