<?xml version="1.0" encoding="UTF-8"?>
<!-- Generated by org.testng.reporters.JUnitReportReporter -->
<testsuite skipped="0" hostname="DESKTOP-IA7RCF1" name="orangeHrmTestCases.OrangeHrmTestCase" tests="1" failures="0" timestamp="2023-02-15T18:11:05 IST" time="15.357" errors="0">
  <testcase name="orangeHrmLogintestCase1" time="15.357" classname="orangeHrmTestCases.OrangeHrmTestCase"/>
  <system-out/>
</testsuite> <!-- orangeHrmTestCases.OrangeHrmTestCase -->
