<?xml version="1.0" encoding="UTF-8"?>
<!-- Generated by org.testng.reporters.JUnitReportReporter -->
<testsuite skipped="0" hostname="DESKTOP-IA7RCF1" name="testngDay2.TestngAnnotations3" tests="3" failures="0" timestamp="2023-02-21T03:29:48 IST" time="0.083" errors="0">
  <testcase name="testCase3" time="0.020" classname="testngDay2.TestngAnnotations3"/>
  <system-out/>
  <testcase name="testCase2" time="0.033" classname="testngDay2.TestngAnnotations3"/>
  <system-out/>
  <testcase name="testCase1" time="0.030" classname="testngDay2.TestngAnnotations3"/>
  <system-out/>
</testsuite> <!-- testngDay2.TestngAnnotations3 -->
