<?xml version="1.0" encoding="UTF-8"?>
<!-- Generated by org.testng.reporters.JUnitReportReporter -->
<testsuite skipped="0" hostname="DESKTOP-IA7RCF1" name="testngDay1.EightthTestNgClass" tests="6" failures="0" timestamp="2023-02-06T15:00:32 IST" time="0.067" errors="0">
  <testcase name="testCase1" time="0.010" classname="testngDay1.EightthTestNgClass"/>
  <system-out/>
  <testcase name="testCase1" time="0.006" classname="testngDay1.EightthTestNgClass"/>
  <system-out/>
  <testcase name="testCase2" time="0.003" classname="testngDay1.EightthTestNgClass"/>
  <system-out/>
  <testcase name="testCase1" time="0.006" classname="testngDay1.EightthTestNgClass"/>
  <system-out/>
  <testcase name="testCase1" time="0.007" classname="testngDay1.EightthTestNgClass"/>
  <system-out/>
  <testcase name="testCase1" time="0.035" classname="testngDay1.EightthTestNgClass"/>
  <system-out/>
</testsuite> <!-- testngDay1.EightthTestNgClass -->
