<?xml version="1.0" encoding="UTF-8"?>
<!-- Generated by org.testng.reporters.JUnitReportReporter -->
<testsuite skipped="0" hostname="DESKTOP-IA7RCF1" name="suitRunner.SmokeSuitVtiger" tests="1" failures="0" timestamp="2023-02-24T15:36:33 IST" time="112.712" errors="0">
  <testcase name="runScenario" time="112.712" classname="suitRunner.SmokeSuitVtiger"/>
  <system-out/>
</testsuite> <!-- suitRunner.SmokeSuitVtiger -->
