<?xml version="1.0" encoding="UTF-8"?>
<!-- Generated by org.testng.reporters.JUnitReportReporter -->
<testsuite skipped="0" hostname="DESKTOP-IA7RCF1" name="runner.TestRunner2" tests="12" failures="0" timestamp="2023-02-21T03:53:53 IST" time="335.637" errors="0">
  <testcase name="runScenario" time="13.106" classname="runner.TestRunner2"/>
  <system-out/>
  <testcase name="runScenario" time="19.725" classname="runner.TestRunner2"/>
  <system-out/>
  <testcase name="runScenario" time="26.707" classname="runner.TestRunner2"/>
  <system-out/>
  <testcase name="runScenario" time="15.678" classname="runner.TestRunner2"/>
  <system-out/>
  <testcase name="runScenario" time="68.560" classname="runner.TestRunner2"/>
  <system-out/>
  <testcase name="runScenario" time="13.701" classname="runner.TestRunner2"/>
  <system-out/>
  <testcase name="runScenario" time="27.067" classname="runner.TestRunner2"/>
  <system-out/>
  <testcase name="runScenario" time="25.972" classname="runner.TestRunner2"/>
  <system-out/>
  <testcase name="runScenario" time="6.795" classname="runner.TestRunner2"/>
  <system-out/>
  <testcase name="runScenario" time="75.746" classname="runner.TestRunner2"/>
  <system-out/>
  <testcase name="runScenario" time="15.018" classname="runner.TestRunner2"/>
  <system-out/>
  <testcase name="runScenario" time="27.562" classname="runner.TestRunner2"/>
  <system-out/>
</testsuite> <!-- runner.TestRunner2 -->
