<?xml version="1.0" encoding="UTF-8"?>
<!-- Generated by org.testng.reporters.JUnitReportReporter -->
<testsuite skipped="0" hostname="DESKTOP-IA7RCF1" name="runner.TestRunner3" tests="3" failures="0" timestamp="2023-02-21T13:34:33 IST" time="162.938" errors="0">
  <testcase name="runScenario" time="51.039" classname="runner.TestRunner3"/>
  <system-out/>
  <testcase name="runScenario" time="38.644" classname="runner.TestRunner3"/>
  <system-out/>
  <testcase name="runScenario" time="73.255" classname="runner.TestRunner3"/>
  <system-out/>
</testsuite> <!-- runner.TestRunner3 -->
