<?xml version="1.0" encoding="UTF-8"?>
<!-- Generated by org.testng.reporters.JUnitReportReporter -->
<testsuite skipped="0" hostname="DESKTOP-IA7RCF1" name="runner.TestRunner" tests="3" failures="0" timestamp="2023-02-24T12:05:45 IST" time="170.331" errors="0">
  <testcase name="runScenario" time="104.611" classname="runner.TestRunner"/>
  <system-out/>
  <testcase name="runScenario" time="27.674" classname="runner.TestRunner"/>
  <system-out/>
  <testcase name="runScenario" time="38.046" classname="runner.TestRunner"/>
  <system-out/>
</testsuite> <!-- runner.TestRunner -->
