<?xml version="1.0" encoding="UTF-8"?>
<!-- Generated by org.testng.reporters.JUnitReportReporter -->
<testsuite hostname="Desktop" failures="0" tests="3" name="runner.TestRunner" time="122.650" errors="0" timestamp="2023-02-22T10:48:32 IST" skipped="0">
  <testcase classname="runner.TestRunner" name="runScenario" time="87.285"/>
  <system-out/>
  <testcase classname="runner.TestRunner" name="runScenario" time="17.351"/>
  <system-out/>
  <testcase classname="runner.TestRunner" name="runScenario" time="18.014"/>
  <system-out/>
</testsuite> <!-- runner.TestRunner -->
